2020-01-02 11:07:04.667[main]DEBUG com.hyit.www.dao.ShopDao.updateShop - ==>  Preparing: update tb_shop SET shop_name = ?, shop_desc = ?, advice=? where shop_id = ? 
2020-01-02 11:07:04.790[main]DEBUG com.hyit.www.dao.ShopDao.updateShop - ==> Parameters: 俊俊的小店(String), 小店8折呦(String), 最近8太行(String), 1(Long)
2020-01-02 11:07:04.826[main]DEBUG com.hyit.www.dao.ShopDao.updateShop - <==    Updates: 1
2020-01-02 11:07:39.067[main]DEBUG com.hyit.www.dao.ShopDao.updateShop - ==>  Preparing: update tb_shop SET shop_name = ?, shop_desc = ?, last_edit_time=?, advice=? where shop_id = ? 
2020-01-02 11:07:39.132[main]DEBUG com.hyit.www.dao.ShopDao.updateShop - ==> Parameters: 俊俊的小店(String), 小店8折呦(String), 2020-01-02 11:07:38.547(Timestamp), 最近8太行(String), 1(Long)
2020-01-02 11:07:39.212[main]DEBUG com.hyit.www.dao.ShopDao.updateShop - <==    Updates: 1
2020-01-02 15:37:25.765[main]DEBUG com.hyit.www.dao.ShopDao.insertShop - ==>  Preparing: INSERT INTO tb_shop(owner_id, area_id, shop_category_id, shop_name, shop_desc, shop_addr, phone, shop_img, priority, create_time, last_edit_time,enable_status,advice) VALUES (?,?,?,?, ?,?,?,?,?,?,?, ?,? ) 
2020-01-02 15:37:25.828[main]DEBUG com.hyit.www.dao.ShopDao.insertShop - ==> Parameters: 1(Long), 2(Integer), null, 测试的店铺1(String), test1(String), test1(String), 110(String), null, 1(Integer), 2020-01-02 15:37:25.242(Timestamp), 2020-01-02 15:37:25.242(Timestamp), 0(Integer), 审核中(String)
2020-01-02 15:37:25.945[main]DEBUG com.hyit.www.dao.ShopDao.insertShop - <==    Updates: 1
2020-01-02 15:37:26.152[main]DEBUG com.hyit.www.dao.ShopDao.updateShop - ==>  Preparing: update tb_shop SET shop_name = ?, shop_desc = ?, shop_addr = ?, phone=?, shop_img=?, priority=?, last_edit_time=?, enable_status=?, advice=?, shop_category_id=?, area_id=? where shop_id = ? 
2020-01-02 15:37:26.154[main]DEBUG com.hyit.www.dao.ShopDao.updateShop - ==> Parameters: 测试的店铺1(String), test1(String), test1(String), 110(String), upload\item\shop2\2020010215372529333.jpg(String), 1(Integer), 2020-01-02 15:37:25.242(Timestamp), 0(Integer), 审核中(String), null, 2(Integer), 2(Long)
2020-01-02 15:37:26.229[main]DEBUG com.hyit.www.dao.ShopDao.updateShop - <==    Updates: 1
2020-01-02 15:47:17.503[main]DEBUG com.hyit.www.dao.ShopDao.insertShop - ==>  Preparing: INSERT INTO tb_shop(owner_id, area_id, shop_category_id, shop_name, shop_desc, shop_addr, phone, shop_img, priority, create_time, last_edit_time,enable_status,advice) VALUES (?,?,?,?, ?,?,?,?,?,?,?, ?,? ) 
2020-01-02 15:47:17.578[main]DEBUG com.hyit.www.dao.ShopDao.insertShop - ==> Parameters: 1(Long), 2(Integer), null, 测试的店铺1(String), test1(String), test1(String), 110(String), null, 1(Integer), 2020-01-02 15:47:16.947(Timestamp), 2020-01-02 15:47:16.947(Timestamp), 0(Integer), 审核中(String)
2020-01-02 15:47:17.609[main]DEBUG com.hyit.www.dao.ShopDao.insertShop - <==    Updates: 1
2020-01-02 15:47:17.775[main]DEBUG com.hyit.www.dao.ShopDao.updateShop - ==>  Preparing: update tb_shop SET shop_name = ?, shop_desc = ?, shop_addr = ?, phone=?, shop_img=?, priority=?, last_edit_time=?, enable_status=?, advice=?, shop_category_id=?, area_id=? where shop_id = ? 
2020-01-02 15:47:17.776[main]DEBUG com.hyit.www.dao.ShopDao.updateShop - ==> Parameters: 测试的店铺1(String), test1(String), test1(String), 110(String), upload\item\shop3\2020010215471745476.jpg(String), 1(Integer), 2020-01-02 15:47:16.947(Timestamp), 0(Integer), 审核中(String), null, 2(Integer), 3(Long)
2020-01-02 15:47:17.833[main]DEBUG com.hyit.www.dao.ShopDao.updateShop - <==    Updates: 1
2020-01-02 15:52:35.418[main]DEBUG com.hyit.www.dao.ShopDao.insertShop - ==>  Preparing: INSERT INTO tb_shop(owner_id, area_id, shop_category_id, shop_name, shop_desc, shop_addr, phone, shop_img, priority, create_time, last_edit_time,enable_status,advice) VALUES (?,?,?,?, ?,?,?,?,?,?,?, ?,? ) 
2020-01-02 15:52:35.492[main]DEBUG com.hyit.www.dao.ShopDao.insertShop - ==> Parameters: 1(Long), 2(Integer), null, 测试的店铺1(String), test1(String), test1(String), 110(String), null, 1(Integer), 2020-01-02 15:52:34.927(Timestamp), 2020-01-02 15:52:34.927(Timestamp), 0(Integer), 审核中(String)
2020-01-02 15:52:35.888[main]DEBUG com.hyit.www.dao.ShopDao.insertShop - <==    Updates: 1
2020-01-02 15:52:36.268[main]DEBUG com.hyit.www.dao.ShopDao.updateShop - ==>  Preparing: update tb_shop SET shop_name = ?, shop_desc = ?, shop_addr = ?, phone=?, shop_img=?, priority=?, last_edit_time=?, enable_status=?, advice=?, shop_category_id=?, area_id=? where shop_id = ? 
2020-01-02 15:52:36.270[main]DEBUG com.hyit.www.dao.ShopDao.updateShop - ==> Parameters: 测试的店铺1(String), test1(String), test1(String), 110(String), upload\item\shop4\2020010215523579646.jpg(String), 1(Integer), 2020-01-02 15:52:34.927(Timestamp), 0(Integer), 审核中(String), null, 2(Integer), 4(Long)
2020-01-02 15:52:36.295[main]DEBUG com.hyit.www.dao.ShopDao.updateShop - <==    Updates: 1
2020-01-02 15:57:35.130[main]DEBUG com.hyit.www.dao.ShopDao.insertShop - ==>  Preparing: INSERT INTO tb_shop(owner_id, area_id, shop_category_id, shop_name, shop_desc, shop_addr, phone, shop_img, priority, create_time, last_edit_time,enable_status,advice) VALUES (?,?,?,?, ?,?,?,?,?,?,?, ?,? ) 
2020-01-02 15:57:35.210[main]DEBUG com.hyit.www.dao.ShopDao.insertShop - ==> Parameters: 1(Long), 2(Integer), null, 测试的店铺1(String), test1(String), test1(String), 110(String), null, 1(Integer), 2020-01-02 15:57:34.677(Timestamp), 2020-01-02 15:57:34.677(Timestamp), 0(Integer), 审核中(String)
2020-01-02 15:57:35.265[main]DEBUG com.hyit.www.dao.ShopDao.insertShop - <==    Updates: 1
2020-01-02 15:57:35.478[main]DEBUG com.hyit.www.dao.ShopDao.updateShop - ==>  Preparing: update tb_shop SET shop_name = ?, shop_desc = ?, shop_addr = ?, phone=?, shop_img=?, priority=?, last_edit_time=?, enable_status=?, advice=?, shop_category_id=?, area_id=? where shop_id = ? 
2020-01-02 15:57:35.479[main]DEBUG com.hyit.www.dao.ShopDao.updateShop - ==> Parameters: 测试的店铺1(String), test1(String), test1(String), 110(String), upload\item\shop5\2020010215573521660.jpg(String), 1(Integer), 2020-01-02 15:57:34.677(Timestamp), 0(Integer), 审核中(String), null, 2(Integer), 5(Long)
2020-01-02 15:57:35.498[main]DEBUG com.hyit.www.dao.ShopDao.updateShop - <==    Updates: 1
2020-01-02 15:59:20.058[main]DEBUG com.hyit.www.dao.ShopDao.insertShop - ==>  Preparing: INSERT INTO tb_shop(owner_id, area_id, shop_category_id, shop_name, shop_desc, shop_addr, phone, shop_img, priority, create_time, last_edit_time,enable_status,advice) VALUES (?,?,?,?, ?,?,?,?,?,?,?, ?,? ) 
2020-01-02 15:59:20.125[main]DEBUG com.hyit.www.dao.ShopDao.insertShop - ==> Parameters: 1(Long), 2(Integer), null, 测试的店铺1(String), test1(String), test1(String), 110(String), null, 1(Integer), 2020-01-02 15:59:19.577(Timestamp), 2020-01-02 15:59:19.577(Timestamp), 0(Integer), 审核中(String)
2020-01-02 15:59:20.163[main]DEBUG com.hyit.www.dao.ShopDao.insertShop - <==    Updates: 1
2020-01-02 15:59:20.305[main]DEBUG com.hyit.www.dao.ShopDao.updateShop - ==>  Preparing: update tb_shop SET shop_name = ?, shop_desc = ?, shop_addr = ?, phone=?, shop_img=?, priority=?, last_edit_time=?, enable_status=?, advice=?, shop_category_id=?, area_id=? where shop_id = ? 
2020-01-02 15:59:20.307[main]DEBUG com.hyit.www.dao.ShopDao.updateShop - ==> Parameters: 测试的店铺1(String), test1(String), test1(String), 110(String), upload\item\shop6\2020010215592039885.jpg(String), 1(Integer), 2020-01-02 15:59:19.577(Timestamp), 0(Integer), 审核中(String), null, 2(Integer), 6(Long)
2020-01-02 15:59:20.321[main]DEBUG com.hyit.www.dao.ShopDao.updateShop - <==    Updates: 1
2020-01-02 15:59:52.733[main]DEBUG com.hyit.www.dao.ShopDao.insertShop - ==>  Preparing: INSERT INTO tb_shop(owner_id, area_id, shop_category_id, shop_name, shop_desc, shop_addr, phone, shop_img, priority, create_time, last_edit_time,enable_status,advice) VALUES (?,?,?,?, ?,?,?,?,?,?,?, ?,? ) 
2020-01-02 15:59:52.809[main]DEBUG com.hyit.www.dao.ShopDao.insertShop - ==> Parameters: 1(Long), 2(Integer), null, 测试的店铺1(String), test1(String), test1(String), 110(String), null, 1(Integer), 2020-01-02 15:59:52.354(Timestamp), 2020-01-02 15:59:52.354(Timestamp), 0(Integer), 审核中(String)
2020-01-02 15:59:52.865[main]DEBUG com.hyit.www.dao.ShopDao.insertShop - <==    Updates: 1
2020-01-02 15:59:53.018[main]DEBUG com.hyit.www.dao.ShopDao.updateShop - ==>  Preparing: update tb_shop SET shop_name = ?, shop_desc = ?, shop_addr = ?, phone=?, shop_img=?, priority=?, last_edit_time=?, enable_status=?, advice=?, shop_category_id=?, area_id=? where shop_id = ? 
2020-01-02 15:59:53.020[main]DEBUG com.hyit.www.dao.ShopDao.updateShop - ==> Parameters: 测试的店铺1(String), test1(String), test1(String), 110(String), upload\item\shop7\2020010215595243787.jpg(String), 1(Integer), 2020-01-02 15:59:52.354(Timestamp), 0(Integer), 审核中(String), null, 2(Integer), 7(Long)
2020-01-02 15:59:53.040[main]DEBUG com.hyit.www.dao.ShopDao.updateShop - <==    Updates: 1
2020-01-02 16:01:06.152[main]DEBUG com.hyit.www.dao.ShopDao.insertShop - ==>  Preparing: INSERT INTO tb_shop(owner_id, area_id, shop_category_id, shop_name, shop_desc, shop_addr, phone, shop_img, priority, create_time, last_edit_time,enable_status,advice) VALUES (?,?,?,?, ?,?,?,?,?,?,?, ?,? ) 
2020-01-02 16:01:06.233[main]DEBUG com.hyit.www.dao.ShopDao.insertShop - ==> Parameters: 1(Long), 2(Integer), null, 测试的店铺1(String), test1(String), test1(String), 110(String), null, 1(Integer), 2020-01-02 16:01:05.708(Timestamp), 2020-01-02 16:01:05.708(Timestamp), 0(Integer), 审核中(String)
2020-01-02 16:01:06.312[main]DEBUG com.hyit.www.dao.ShopDao.insertShop - <==    Updates: 1
2020-01-02 16:01:06.486[main]DEBUG com.hyit.www.dao.ShopDao.updateShop - ==>  Preparing: update tb_shop SET shop_name = ?, shop_desc = ?, shop_addr = ?, phone=?, shop_img=?, priority=?, last_edit_time=?, enable_status=?, advice=?, shop_category_id=?, area_id=? where shop_id = ? 
2020-01-02 16:01:06.487[main]DEBUG com.hyit.www.dao.ShopDao.updateShop - ==> Parameters: 测试的店铺1(String), test1(String), test1(String), 110(String), upload\item\shop8\2020010216010610083.jpg(String), 1(Integer), 2020-01-02 16:01:05.708(Timestamp), 0(Integer), 审核中(String), null, 2(Integer), 8(Long)
2020-01-02 16:01:06.512[main]DEBUG com.hyit.www.dao.ShopDao.updateShop - <==    Updates: 1
2020-01-02 16:02:36.535[main]DEBUG com.hyit.www.dao.ShopDao.insertShop - ==>  Preparing: INSERT INTO tb_shop(owner_id, area_id, shop_category_id, shop_name, shop_desc, shop_addr, phone, shop_img, priority, create_time, last_edit_time,enable_status,advice) VALUES (?,?,?,?, ?,?,?,?,?,?,?, ?,? ) 
2020-01-02 16:02:36.610[main]DEBUG com.hyit.www.dao.ShopDao.insertShop - ==> Parameters: 1(Long), 2(Integer), null, 测试的店铺1(String), test1(String), test1(String), 110(String), null, 1(Integer), 2020-01-02 16:02:36.135(Timestamp), 2020-01-02 16:02:36.135(Timestamp), 0(Integer), 审核中(String)
2020-01-02 16:02:36.675[main]DEBUG com.hyit.www.dao.ShopDao.insertShop - <==    Updates: 1
2020-01-02 16:02:36.824[main]DEBUG com.hyit.www.dao.ShopDao.updateShop - ==>  Preparing: update tb_shop SET shop_name = ?, shop_desc = ?, shop_addr = ?, phone=?, shop_img=?, priority=?, last_edit_time=?, enable_status=?, advice=?, shop_category_id=?, area_id=? where shop_id = ? 
2020-01-02 16:02:36.826[main]DEBUG com.hyit.www.dao.ShopDao.updateShop - ==> Parameters: 测试的店铺1(String), test1(String), test1(String), 110(String), upload\item\shop9\2020010216023684005.jpg(String), 1(Integer), 2020-01-02 16:02:36.135(Timestamp), 0(Integer), 审核中(String), null, 2(Integer), 9(Long)
2020-01-02 16:02:37.071[main]DEBUG com.hyit.www.dao.ShopDao.updateShop - <==    Updates: 1
2020-01-02 16:03:14.360[main]DEBUG com.hyit.www.dao.ShopDao.insertShop - ==>  Preparing: INSERT INTO tb_shop(owner_id, area_id, shop_category_id, shop_name, shop_desc, shop_addr, phone, shop_img, priority, create_time, last_edit_time,enable_status,advice) VALUES (?,?,?,?, ?,?,?,?,?,?,?, ?,? ) 
2020-01-02 16:03:14.415[main]DEBUG com.hyit.www.dao.ShopDao.insertShop - ==> Parameters: 1(Long), 2(Integer), null, 测试的店铺1(String), test1(String), test1(String), 110(String), null, 1(Integer), 2020-01-02 16:03:13.943(Timestamp), 2020-01-02 16:03:13.943(Timestamp), 0(Integer), 审核中(String)
2020-01-02 16:03:14.512[main]DEBUG com.hyit.www.dao.ShopDao.insertShop - <==    Updates: 1
2020-01-02 16:03:14.689[main]DEBUG com.hyit.www.dao.ShopDao.updateShop - ==>  Preparing: update tb_shop SET shop_name = ?, shop_desc = ?, shop_addr = ?, phone=?, shop_img=?, priority=?, last_edit_time=?, enable_status=?, advice=?, shop_category_id=?, area_id=? where shop_id = ? 
2020-01-02 16:03:14.691[main]DEBUG com.hyit.www.dao.ShopDao.updateShop - ==> Parameters: 测试的店铺1(String), test1(String), test1(String), 110(String), upload\item\shop10\2020010216031499989.jpg(String), 1(Integer), 2020-01-02 16:03:13.943(Timestamp), 0(Integer), 审核中(String), null, 2(Integer), 10(Long)
2020-01-02 16:03:14.711[main]DEBUG com.hyit.www.dao.ShopDao.updateShop - <==    Updates: 1
2020-01-02 16:05:27.587[main]DEBUG com.hyit.www.dao.ShopDao.insertShop - ==>  Preparing: INSERT INTO tb_shop(owner_id, area_id, shop_category_id, shop_name, shop_desc, shop_addr, phone, shop_img, priority, create_time, last_edit_time,enable_status,advice) VALUES (?,?,?,?, ?,?,?,?,?,?,?, ?,? ) 
2020-01-02 16:05:27.663[main]DEBUG com.hyit.www.dao.ShopDao.insertShop - ==> Parameters: 1(Long), 2(Integer), null, 测试的店铺1(String), test1(String), test1(String), 110(String), null, 1(Integer), 2020-01-02 16:05:27.059(Timestamp), 2020-01-02 16:05:27.059(Timestamp), 0(Integer), 审核中(String)
2020-01-02 16:05:27.694[main]DEBUG com.hyit.www.dao.ShopDao.insertShop - <==    Updates: 1
2020-01-02 16:05:27.821[main]DEBUG com.hyit.www.dao.ShopDao.updateShop - ==>  Preparing: update tb_shop SET shop_name = ?, shop_desc = ?, shop_addr = ?, phone=?, shop_img=?, priority=?, last_edit_time=?, enable_status=?, advice=?, shop_category_id=?, area_id=? where shop_id = ? 
2020-01-02 16:05:27.826[main]DEBUG com.hyit.www.dao.ShopDao.updateShop - ==> Parameters: 测试的店铺1(String), test1(String), test1(String), 110(String), upload\item\shop11\2020010216052786302.jpg(String), 1(Integer), 2020-01-02 16:05:27.059(Timestamp), 0(Integer), 审核中(String), null, 2(Integer), 11(Long)
2020-01-02 16:05:27.844[main]DEBUG com.hyit.www.dao.ShopDao.updateShop - <==    Updates: 1
